Arguments: 
  C:\Program Files\nodejs\node.exe C:\Users\CGM_Consulting\AppData\Roaming\nvm\v14.19.1\node_modules\vtex\node_modules\yarn\bin\yarn.js --non-interactive --ignore-engines

PATH: 
  C:\WINDOWS\system32;C:\WINDOWS;C:\WINDOWS\System32\Wbem;C:\WINDOWS\System32\WindowsPowerShell\v1.0\;C:\WINDOWS\System32\OpenSSH\;C:\Program Files\Git\cmd;C:\Program Files\dotnet\;C:\Users\CGM_Consulting\AppData\Roaming\nvm;C:\Program Files\nodejs;C:\Program Files (x86)\Common Files\DivX Shared\DesktopService;C:\Users\CGM_Consulting\AppData\Local\Microsoft\WindowsApps;C:\Users\CGM_Consulting\AppData\Roaming\npm;C:\Users\CGM_Consulting\AppData\Local\Programs\Microsoft VS Code\bin;C:\Program Files\vtex\bin;C:\Users\CGM_Consulting\AppData\Roaming\nvm;C:\Program Files\nodejs

Yarn version: 
  1.22.19

Node version: 
  14.19.1

Platform: 
  win32 x64

Trace: 
  Error: http://vtex.vtexassets.com/_v/public/typings/v1/vtex.styleguide@9.112.8/public/@types/vtex.styleguide: Request failed "500 Internal Server Error"
      at ResponseError.ExtendableBuiltin (C:\Users\CGM_Consulting\AppData\Roaming\nvm\v14.19.1\node_modules\vtex\node_modules\yarn\lib\cli.js:696:66)
      at new ResponseError (C:\Users\CGM_Consulting\AppData\Roaming\nvm\v14.19.1\node_modules\vtex\node_modules\yarn\lib\cli.js:802:124)
      at Request.<anonymous> (C:\Users\CGM_Consulting\AppData\Roaming\nvm\v14.19.1\node_modules\vtex\node_modules\yarn\lib\cli.js:66215:16)
      at Request.emit (events.js:400:28)
      at Request.module.exports.Request.onRequestResponse (C:\Users\CGM_Consulting\AppData\Roaming\nvm\v14.19.1\node_modules\vtex\node_modules\yarn\lib\cli.js:141767:10)
      at ClientRequest.emit (events.js:400:28)
      at HTTPParser.parserOnIncomingClient (_http_client.js:647:27)
      at HTTPParser.parserOnHeadersComplete (_http_common.js:127:17)
      at Socket.socketOnData (_http_client.js:515:22)
      at Socket.emit (events.js:400:28)

npm manifest: 
  {
    "scripts": {
      "test": "vtex-test-tools test",
      "lint": "tsc --noEmit && eslint --ext ts,tsx ."
    },
    "dependencies": {
      "@vtex/css-handles": "^1.0.0",
      "classnames": "^2.2.6",
      "ramda": "^0.26.1",
      "react": "^16.8.3",
      "react-apollo": "^3.1.3",
      "react-dom": "^16.8.3",
      "react-intl": "^2.7.2"
    },
    "devDependencies": {
      "@types/classnames": "^2.2.7",
      "@types/jest": "^24.0.18",
      "@types/node": "^12.7.5",
      "@types/prop-types": "^15.7.0",
      "@types/ramda": "^0.26.5",
      "@types/react": "^16.9.2",
      "@vtex/test-tools": "^1.1.0",
      "apollo-client": "^2.5.1",
      "eslint": "^5.16.0",
      "eslint-config-vtex-react": "^4.1.0",
      "prettier": "^1.18.2",
      "tslint-eslint-rules": "^5.4.0",
      "typescript": "3.7.3",
      "vtex.css-handles": "http://vtex.vtexassets.com/_v/public/typings/v1/vtex.css-handles@0.4.2/public/@types/vtex.css-handles",
      "vtex.render-runtime": "http://vtex.vtexassets.com/_v/public/typings/v1/vtex.render-runtime@8.94.0/public/@types/vtex.render-runtime",
      "vtex.styleguide": "http://vtex.vtexassets.com/_v/public/typings/v1/vtex.styleguide@9.112.8/public/@types/vtex.styleguide"
    },
    "resolutions": {
      "graphql":"14.6.0"
    }
  }

yarn manifest: 
  No manifest

Lockfile: 
  No lockfile
